<?xml version="1.0" encoding="UTF-8"?>
<!-- Generated by org.testng.reporters.JUnitReportReporter -->
<testsuite hostname="LAPTOP-QPCG3B49" failures="0" tests="1" name="com.obsqura.TestNGProject.RadioButton" time="4.642" errors="0" timestamp="2023-03-04T23:38:30 IST" skipped="0">
  <testcase classname="com.obsqura.TestNGProject.RadioButton" name="verifyGroupRadioButtonsDemoGenderAndAgeGroup" time="4.642"/>
  <system-out/>
</testsuite> <!-- com.obsqura.TestNGProject.RadioButton -->
