<?xml version="1.0" encoding="UTF-8"?>
<!-- Generated by org.testng.reporters.JUnitReportReporter -->
<testsuite hostname="LAPTOP-QPCG3B49" failures="0" tests="11" name="com.obsqura.TestNGProject.DemoLocators" time="33.792" errors="0" timestamp="2023-03-01T15:19:02 IST" skipped="0">
  <testcase classname="com.obsqura.TestNGProject.DemoLocators" name="verifyGetTotalButtonColorAndText" time="2.814"/>
  <system-out/>
  <testcase classname="com.obsqura.TestNGProject.DemoLocators" name="verifyShowMessageButtonShape" time="2.895"/>
  <system-out/>
  <testcase classname="com.obsqura.TestNGProject.DemoLocators" name="verifyShowMessageFontSize" time="2.780"/>
  <system-out/>
  <testcase classname="com.obsqura.TestNGProject.DemoLocators" name="verifyShowMessageButton" time="2.853"/>
  <system-out/>
  <testcase classname="com.obsqura.TestNGProject.DemoLocators" name="verifySingleInputField" time="4.143"/>
  <system-out/>
  <testcase classname="com.obsqura.TestNGProject.DemoLocators" name="menuTab" time="3.139"/>
  <system-out/>
  <testcase classname="com.obsqura.TestNGProject.DemoLocators" name="verifyGetTotalButtonAndValueBTextboxAlignment" time="2.884"/>
  <system-out/>
  <testcase classname="com.obsqura.TestNGProject.DemoLocators" name="verifyShowMessageFontColor" time="2.870"/>
  <system-out/>
  <testcase classname="com.obsqura.TestNGProject.DemoLocators" name="verifyTwoInputFields" time="3.223"/>
  <system-out/>
  <testcase classname="com.obsqura.TestNGProject.DemoLocators" name="singleInputField" time="3.216"/>
  <system-out/>
  <testcase classname="com.obsqura.TestNGProject.DemoLocators" name="verifyShowMessageButtonLocationAndSize" time="2.975"/>
  <system-out/>
</testsuite> <!-- com.obsqura.TestNGProject.DemoLocators -->
