<?xml version="1.0" encoding="UTF-8"?>
<!-- Generated by org.testng.reporters.JUnitReportReporter -->
<testsuite hostname="LAPTOP-QPCG3B49" failures="0" tests="1" name="com.obsqura.TestNGProject.Assertions" time="4.941" errors="0" timestamp="2023-03-09T16:45:29 IST" skipped="0">
  <testcase classname="com.obsqura.TestNGProject.Assertions" name="AssertCommands" time="4.941"/>
  <system-out/>
</testsuite> <!-- com.obsqura.TestNGProject.Assertions -->
