<?xml version="1.0" encoding="UTF-8"?>
<!-- Generated by org.testng.reporters.JUnitReportReporter -->
<testsuite hostname="LAPTOP-QPCG3B49" failures="0" tests="1" name="com.obsqura.TestNGProject.FindElements" time="4.431" errors="0" timestamp="2023-03-02T07:59:20 IST" skipped="0">
  <testcase classname="com.obsqura.TestNGProject.FindElements" name="listFindElements" time="4.431"/>
  <system-out/>
</testsuite> <!-- com.obsqura.TestNGProject.FindElements -->
