<?xml version="1.0" encoding="UTF-8"?>
<!-- Generated by org.testng.reporters.JUnitReportReporter -->
<testsuite hostname="LAPTOP-QPCG3B49" failures="0" tests="1" name="com.obsqura.TestNGProject.TestNGAnnotations" time="0.004" errors="0" timestamp="2023-02-14T08:03:06 IST" skipped="0">
  <testcase classname="com.obsqura.TestNGProject.TestNGAnnotations" name="testcaseOne" time="0.004"/>
  <system-out/>
</testsuite> <!-- com.obsqura.TestNGProject.TestNGAnnotations -->
