<?xml version="1.0" encoding="UTF-8"?>
<!-- Generated by org.testng.reporters.JUnitReportReporter -->
<testsuite hostname="LAPTOP-QPCG3B49" failures="0" tests="1" name="com.obsqura.TestNGProject.Assertions" time="6.556" errors="0" timestamp="2023-02-20T08:09:18 IST" skipped="0">
  <testcase classname="com.obsqura.TestNGProject.Assertions" name="AssertCommands" time="6.556"/>
  <system-out/>
</testsuite> <!-- com.obsqura.TestNGProject.Assertions -->
