<?xml version="1.0" encoding="UTF-8"?>
<!-- Generated by org.testng.reporters.JUnitReportReporter -->
<testsuite hostname="LAPTOP-QPCG3B49" failures="0" tests="1" name="com.obsqura.TestNGProject.Base" time="6.907" errors="0" timestamp="2023-02-13T08:31:06 IST" skipped="0">
  <testcase classname="com.obsqura.TestNGProject.Base" name="testcaseOne" time="6.907"/>
  <system-out/>
</testsuite> <!-- com.obsqura.TestNGProject.Base -->
