<?xml version="1.0" encoding="UTF-8"?>
<!-- Generated by org.testng.reporters.JUnitReportReporter -->
<testsuite hostname="LAPTOP-QPCG3B49" failures="0" tests="1" name="com.obsqura.TestNGProject.WebElementCommands" time="6.916" errors="0" timestamp="2023-02-23T08:23:30 IST" skipped="0">
  <testcase classname="com.obsqura.TestNGProject.WebElementCommands" name="sendKeys" time="6.916"/>
  <system-out/>
</testsuite> <!-- com.obsqura.TestNGProject.WebElementCommands -->
