<?xml version="1.0" encoding="UTF-8"?>
<!-- Generated by org.testng.reporters.JUnitReportReporter -->
<testsuite hostname="LAPTOP-QPCG3B49" failures="0" tests="8" name="com.obsqura.TestNGProject.Locators" time="98.753" errors="0" timestamp="2023-02-22T17:16:09 IST" skipped="0">
  <testcase classname="com.obsqura.TestNGProject.Locators" name="locatorByClass" time="8.247"/>
  <system-out/>
  <testcase classname="com.obsqura.TestNGProject.Locators" name="locatorByCssSelector" time="10.638"/>
  <system-out/>
  <testcase classname="com.obsqura.TestNGProject.Locators" name="locatorById" time="21.288"/>
  <system-out/>
  <testcase classname="com.obsqura.TestNGProject.Locators" name="locatorByXpath" time="9.340"/>
  <system-out/>
  <testcase classname="com.obsqura.TestNGProject.Locators" name="locatorByLinkText" time="8.753"/>
  <system-out/>
  <testcase classname="com.obsqura.TestNGProject.Locators" name="locatorByTagName" time="8.807"/>
  <system-out/>
  <testcase classname="com.obsqura.TestNGProject.Locators" name="locatorByPartialLinkText" time="8.354"/>
  <system-out/>
  <testcase classname="com.obsqura.TestNGProject.Locators" name="locatorByName" time="23.326"/>
  <system-out/>
</testsuite> <!-- com.obsqura.TestNGProject.Locators -->
