<?xml version="1.0" encoding="UTF-8"?>
<!-- Generated by org.testng.reporters.JUnitReportReporter -->
<testsuite hostname="LAPTOP-QPCG3B49" failures="0" tests="3" name="com.obsqura.TestNGProject.BrowserCommands" time="15.305" errors="0" timestamp="2023-02-14T08:35:33 IST" skipped="0">
  <testcase classname="com.obsqura.TestNGProject.BrowserCommands" name="getUrlCommand" time="4.442"/>
  <system-out/>
  <testcase classname="com.obsqura.TestNGProject.BrowserCommands" name="getPageSourceCommand" time="6.300"/>
  <system-out/>
  <testcase classname="com.obsqura.TestNGProject.BrowserCommands" name="getTitle" time="4.563"/>
  <system-out/>
</testsuite> <!-- com.obsqura.TestNGProject.BrowserCommands -->
