<?xml version="1.0" encoding="UTF-8"?>
<!-- Generated by org.testng.reporters.JUnitReportReporter -->
<testsuite hostname="LAPTOP-QPCG3B49" failures="0" tests="1" name="com.obsqura.TestNGProject.LocatorOrder" time="5.650" errors="0" timestamp="2023-02-23T19:00:34 IST" skipped="0">
  <testcase classname="com.obsqura.TestNGProject.LocatorOrder" name="locatorByClassName" time="5.650"/>
  <system-out/>
</testsuite> <!-- com.obsqura.TestNGProject.LocatorOrder -->
