<?xml version="1.0" encoding="UTF-8"?>
<!-- Generated by org.testng.reporters.JUnitReportReporter -->
<testsuite hostname="LAPTOP-QPCG3B49" failures="0" tests="1" name="com.obsqura.TestNGProject.Locators" time="5.833" errors="0" timestamp="2023-02-23T08:11:50 IST" skipped="0">
  <testcase classname="com.obsqura.TestNGProject.Locators" name="locatorByXpath" time="5.833"/>
  <system-out/>
</testsuite> <!-- com.obsqura.TestNGProject.Locators -->
