<?xml version="1.0" encoding="UTF-8"?>
<!-- Generated by org.testng.reporters.JUnitReportReporter -->
<testsuite hostname="LAPTOP-QPCG3B49" failures="0" tests="1" name="com.obsqura.TestNGProject.SelectInput" time="7.012" errors="0" timestamp="2023-03-14T15:40:43 IST" skipped="0">
  <testcase classname="com.obsqura.TestNGProject.SelectInput" name="verifyMultipleDropdownSelection" time="7.012"/>
  <system-out/>
</testsuite> <!-- com.obsqura.TestNGProject.SelectInput -->
