<?xml version="1.0" encoding="UTF-8"?>
<!-- Generated by org.testng.reporters.JUnitReportReporter -->
<testsuite hostname="LAPTOP-QPCG3B49" failures="0" tests="1" name="com.obsqura.TestNGProject.CheckBoxDemo" time="4.995" errors="0" timestamp="2023-03-05T12:57:34 IST" skipped="0">
  <testcase classname="com.obsqura.TestNGProject.CheckBoxDemo" name="checkBoxDemo" time="4.995"/>
  <system-out/>
</testsuite> <!-- com.obsqura.TestNGProject.CheckBoxDemo -->
